Unity Editor version:    2020.3.24f1 (79c78de19888)
Branch:                  2020.3/staging
Build type:              Release
Batch mode:              YES
macOS version:           Version 12.3.1 (Build 21E258)
Darwin version:          21.4.0
Architecture:            x86_64
Running under Rosetta:   NO
Available memory:        16384 MB
Using pre-set license
Pro License: NO

COMMAND LINE ARGUMENTS:
/Applications/Unity/Hub/Editor/2020.3.24f1/Unity.app/Contents/MacOS/Unity
-adb2
-batchMode
-noUpm
-name
AssetImportWorker5
-projectPath
/Users/kbratland25/Documents/VexBot/OGPCriverdaleGameDesign/GameDesign2_Game2
-logFile
Logs/AssetImportWorker5.log
-srvPort
51157
Successfully changed project path to: /Users/kbratland25/Documents/VexBot/OGPCriverdaleGameDesign/GameDesign2_Game2
/Users/kbratland25/Documents/VexBot/OGPCriverdaleGameDesign/GameDesign2_Game2
Using Asset Import Pipeline V2.
Refreshing native plugins compatible for Editor in 75.49 ms, found 1 plugins.
Preloading 0 native plugins for Editor in 0.00 ms.
Initialize engine version: 2020.3.24f1 (79c78de19888)
[Subsystems] Discovering subsystems at path /Applications/Unity/Hub/Editor/2020.3.24f1/Unity.app/Contents/Resources/UnitySubsystems
[Subsystems] Discovering subsystems at path /Users/kbratland25/Documents/VexBot/OGPCriverdaleGameDesign/GameDesign2_Game2/Assets
GfxDevice: creating device client; threaded=0
2023-01-03 13:39:34.804 Unity[12228:158618] iMac preferred device: AMD Radeon Pro 560X (high power)
2023-01-03 13:39:34.805 Unity[12228:158618] Metal devices available: 1
2023-01-03 13:39:34.805 Unity[12228:158618] 0: AMD Radeon Pro 560X (high power)
2023-01-03 13:39:34.805 Unity[12228:158618] Using device AMD Radeon Pro 560X (high power)
Initializing Metal device caps: AMD Radeon Pro 560X
Initialize mono
Mono path[0] = '/Applications/Unity/Hub/Editor/2020.3.24f1/Unity.app/Contents/Managed'
Mono path[1] = '/Applications/Unity/Hub/Editor/2020.3.24f1/Unity.app/Contents/MonoBleedingEdge/lib/mono/unityjit'
Mono config path = '/Applications/Unity/Hub/Editor/2020.3.24f1/Unity.app/Contents/MonoBleedingEdge/etc'
Using monoOptions --debugger-agent=transport=dt_socket,embedding=1,server=y,suspend=n,address=127.0.0.1:56228
Begin MonoManager ReloadAssembly
Registering precompiled unity dll's ...
Register platform support module: /Applications/Unity/Hub/Editor/2020.3.24f1/PlaybackEngines/WebGLSupport/UnityEditor.WebGL.Extensions.dll
Register platform support module: /Applications/Unity/Hub/Editor/2020.3.24f1/Unity.app/Contents/PlaybackEngines/MacStandaloneSupport/UnityEditor.OSXStandalone.Extensions.dll
Registered in 0.000445 seconds.
Native extension for OSXStandalone target not found
Native extension for WebGL target not found
Refreshing native plugins compatible for Editor in 75.53 ms, found 1 plugins.
Preloading 0 native plugins for Editor in 0.00 ms.
Mono: successfully reloaded assembly
- Completed reload, in  0.636 seconds
Domain Reload Profiling:
	ReloadAssembly (636ms)
		BeginReloadAssembly (39ms)
			ExecutionOrderSort (0ms)
			DisableScriptedObjects (0ms)
			BackupInstance (0ms)
			ReleaseScriptingObjects (0ms)
			CreateAndSetChildDomain (1ms)
		EndReloadAssembly (524ms)
			LoadAssemblies (38ms)
			RebuildTransferFunctionScriptingTraits (0ms)
			SetupTypeCache (178ms)
			ReleaseScriptCaches (0ms)
			RebuildScriptCaches (37ms)
			SetupLoadedEditorAssemblies (224ms)
				LogAssemblyErrors (0ms)
				InitializePlatformSupportModulesInManaged (5ms)
				SetLoadedEditorAssemblies (0ms)
				RefreshPlugins (76ms)
				BeforeProcessingInitializeOnLoad (10ms)
				ProcessInitializeOnLoadAttributes (104ms)
				ProcessInitializeOnLoadMethodAttributes (29ms)
				AfterProcessingInitializeOnLoad (0ms)
				EditorAssembliesLoaded (0ms)
			ExecutionOrderSort2 (0ms)
			AwakeInstancesAfterBackupRestoration (0ms)
Platform modules already initialized, skipping
Registering precompiled user dll's ...
Registered in 0.000433 seconds.
Required property 'name' not set (Packages/com.unity.visualscripting/Editor/VisualScripting.Flow/Unity.VisualScripting.Flow.Editor.asmdef)
Required property 'name' not set (Packages/com.unity.services.core/Editor/Core/Unity.Services.Core.Editor.asmdef)
Required property 'name' not set (Packages/com.unity.ide.vscode/Editor/Unity.com.unity.vscode.Editor.asmdef)
Required property 'name' not set (Packages/com.unity.textmeshpro/Tests/Runtime/Unity.TextMeshPro.Tests.asmdef)
Required property 'name' not set (Packages/com.unity.visualscripting/Editor/VisualScripting.Shared/Unity.VisualScripting.Shared.Editor.asmdef)
Required property 'name' not set (Packages/com.unity.textmeshpro/Scripts/Editor/Unity.TextMeshPro.Editor.asmdef)
Required property 'name' not set (Packages/com.unity.ide.visualstudio/Editor/com.unity.ide.visualstudio.asmdef)
Required property 'name' not set (Packages/com.unity.test-framework/UnityEngine.TestRunner/UnityEngine.TestRunner.asmdef)
Required property 'name' not set (Packages/com.unity.ugui/Tests/Runtime/UnityEngine.UI.Tests.asmdef)
Required property 'name' not set (Packages/com.unity.timeline/Editor/Unity.Timeline.Editor.asmdef)
Required property 'name' not set (Packages/com.unity.timeline/Runtime/Unity.Timeline.asmdef)
Required property 'name' not set (Packages/com.unity.visualscripting/Editor/VisualScripting.Core/Unity.VisualScripting.Core.Editor.asmdef)
Required property 'name' not set (Packages/com.unity.textmeshpro/Scripts/Runtime/Unity.TextMeshPro.asmdef)
Required property 'name' not set (Packages/com.unity.visualscripting/Editor/VisualScripting.State/Unity.VisualScripting.State.Editor.asmdef)
Required property 'name' not set (Packages/com.unity.textmeshpro/Tests/Editor/Unity.TextMeshPro.Editor.Tests.asmdef)
Required property 'name' not set (Packages/com.unity.collab-proxy/Tests/Editor/Collaborate/Unity.CollabProxy.EditorTests.asmdef)
Required property 'name' not set (Packages/com.unity.collab-proxy/Editor/Collaborate/Unity.CollabProxy.Editor.asmdef)
Required property 'name' not set (Packages/com.unity.test-framework/UnityEditor.TestRunner/UnityEditor.TestRunner.asmdef)
Required property 'name' not set (Packages/com.unity.visualscripting/Editor/SettingsProvider/Unity.VisualScripting.SettingsProvider.Editor.asmdef)
Required property 'name' not set (Packages/com.unity.ugui/Tests/Editor/UnityEditor.UI.EditorTests.asmdef)
Required property 'name' not set (Packages/com.unity.visualscripting/Runtime/VisualScripting.Flow/Unity.VisualScripting.Flow.asmdef)
Required property 'name' not set (Packages/com.unity.ugui/Editor/UnityEditor.UI.asmdef)
Required property 'name' not set (Packages/com.unity.collab-proxy/Editor/PlasticSCM/Unity.PlasticSCM.Editor.asmdef)
Required property 'name' not set (Packages/com.unity.collab-proxy/Tests/Editor/PlasticSCM/Unity.PlasticSCM.EditorTests.asmdef)
Required property 'name' not set (Packages/com.unity.timeline/DocCodeExamples/DocCodeExamples.asmdef)
Required property 'name' not set (Packages/com.unity.ide.rider/Rider/Editor/com.unity.ide.rider.asmdef)
Required property 'name' not set (Packages/com.unity.ugui/Runtime/UnityEngine.UI.asmdef)
Required property 'name' not set (Packages/com.unity.visualscripting/Runtime/VisualScripting.State/Unity.VisualScripting.State.asmdef)
Required property 'name' not set (Packages/com.unity.visualscripting/Runtime/VisualScripting.Core/Unity.VisualScripting.Core.asmdef)
Required property 'name' not set (Packages/com.unity.visualscripting/Editor/VisualScripting.Flow/Unity.VisualScripting.Flow.Editor.asmdef)
Required property 'name' not set (Packages/com.unity.services.core/Editor/Core/Unity.Services.Core.Editor.asmdef)
Required property 'name' not set (Packages/com.unity.ide.vscode/Editor/Unity.com.unity.vscode.Editor.asmdef)
Required property 'name' not set (Packages/com.unity.textmeshpro/Tests/Runtime/Unity.TextMeshPro.Tests.asmdef)
Required property 'name' not set (Packages/com.unity.visualscripting/Editor/VisualScripting.Shared/Unity.VisualScripting.Shared.Editor.asmdef)
Required property 'name' not set (Packages/com.unity.textmeshpro/Scripts/Editor/Unity.TextMeshPro.Editor.asmdef)
Required property 'name' not set (Packages/com.unity.ide.visualstudio/Editor/com.unity.ide.visualstudio.asmdef)
Required property 'name' not set (Packages/com.unity.test-framework/UnityEngine.TestRunner/UnityEngine.TestRunner.asmdef)
Required property 'name' not set (Packages/com.unity.ugui/Tests/Runtime/UnityEngine.UI.Tests.asmdef)
Required property 'name' not set (Packages/com.unity.timeline/Editor/Unity.Timeline.Editor.asmdef)
Required property 'name' not set (Packages/com.unity.timeline/Runtime/Unity.Timeline.asmdef)
Required property 'name' not set (Packages/com.unity.visualscripting/Editor/VisualScripting.Core/Unity.VisualScripting.Core.Editor.asmdef)
Required property 'name' not set (Packages/com.unity.textmeshpro/Scripts/Runtime/Unity.TextMeshPro.asmdef)
Required property 'name' not set (Packages/com.unity.visualscripting/Editor/VisualScripting.State/Unity.VisualScripting.State.Editor.asmdef)
Required property 'name' not set (Packages/com.unity.textmeshpro/Tests/Editor/Unity.TextMeshPro.Editor.Tests.asmdef)
Required property 'name' not set (Packages/com.unity.collab-proxy/Tests/Editor/Collaborate/Unity.CollabProxy.EditorTests.asmdef)
Required property 'name' not set (Packages/com.unity.collab-proxy/Editor/Collaborate/Unity.CollabProxy.Editor.asmdef)
Required property 'name' not set (Packages/com.unity.test-framework/UnityEditor.TestRunner/UnityEditor.TestRunner.asmdef)
Required property 'name' not set (Packages/com.unity.visualscripting/Editor/SettingsProvider/Unity.VisualScripting.SettingsProvider.Editor.asmdef)
Required property 'name' not set (Packages/com.unity.ugui/Tests/Editor/UnityEditor.UI.EditorTests.asmdef)
Required property 'name' not set (Packages/com.unity.visualscripting/Runtime/VisualScripting.Flow/Unity.VisualScripting.Flow.asmdef)
Required property 'name' not set (Packages/com.unity.ugui/Editor/UnityEditor.UI.asmdef)
Required property 'name' not set (Packages/com.unity.collab-proxy/Editor/PlasticSCM/Unity.PlasticSCM.Editor.asmdef)
Required property 'name' not set (Packages/com.unity.collab-proxy/Tests/Editor/PlasticSCM/Unity.PlasticSCM.EditorTests.asmdef)
Required property 'name' not set (Packages/com.unity.timeline/DocCodeExamples/DocCodeExamples.asmdef)
Required property 'name' not set (Packages/com.unity.ide.rider/Rider/Editor/com.unity.ide.rider.asmdef)
Required property 'name' not set (Packages/com.unity.ugui/Runtime/UnityEngine.UI.asmdef)
Required property 'name' not set (Packages/com.unity.visualscripting/Runtime/VisualScripting.State/Unity.VisualScripting.State.asmdef)
Required property 'name' not set (Packages/com.unity.visualscripting/Runtime/VisualScripting.Core/Unity.VisualScripting.Core.asmdef)
Begin MonoManager ReloadAssembly
Native extension for OSXStandalone target not found
Native extension for WebGL target not found
Refreshing native plugins compatible for Editor in 0.48 ms, found 1 plugins.
Preloading 0 native plugins for Editor in 0.00 ms.
Required property 'name' not set (Packages/com.unity.visualscripting/Editor/VisualScripting.Flow/Unity.VisualScripting.Flow.Editor.asmdef)
Required property 'name' not set (Packages/com.unity.services.core/Editor/Core/Unity.Services.Core.Editor.asmdef)
Required property 'name' not set (Packages/com.unity.ide.vscode/Editor/Unity.com.unity.vscode.Editor.asmdef)
Required property 'name' not set (Packages/com.unity.textmeshpro/Tests/Runtime/Unity.TextMeshPro.Tests.asmdef)
Required property 'name' not set (Packages/com.unity.visualscripting/Editor/VisualScripting.Shared/Unity.VisualScripting.Shared.Editor.asmdef)
Required property 'name' not set (Packages/com.unity.textmeshpro/Scripts/Editor/Unity.TextMeshPro.Editor.asmdef)
Required property 'name' not set (Packages/com.unity.ide.visualstudio/Editor/com.unity.ide.visualstudio.asmdef)
Required property 'name' not set (Packages/com.unity.test-framework/UnityEngine.TestRunner/UnityEngine.TestRunner.asmdef)
Required property 'name' not set (Packages/com.unity.ugui/Tests/Runtime/UnityEngine.UI.Tests.asmdef)
Required property 'name' not set (Packages/com.unity.timeline/Editor/Unity.Timeline.Editor.asmdef)
Required property 'name' not set (Packages/com.unity.timeline/Runtime/Unity.Timeline.asmdef)
Required property 'name' not set (Packages/com.unity.visualscripting/Editor/VisualScripting.Core/Unity.VisualScripting.Core.Editor.asmdef)
Required property 'name' not set (Packages/com.unity.textmeshpro/Scripts/Runtime/Unity.TextMeshPro.asmdef)
Required property 'name' not set (Packages/com.unity.visualscripting/Editor/VisualScripting.State/Unity.VisualScripting.State.Editor.asmdef)
Required property 'name' not set (Packages/com.unity.textmeshpro/Tests/Editor/Unity.TextMeshPro.Editor.Tests.asmdef)
Required property 'name' not set (Packages/com.unity.collab-proxy/Tests/Editor/Collaborate/Unity.CollabProxy.EditorTests.asmdef)
Required property 'name' not set (Packages/com.unity.collab-proxy/Editor/Collaborate/Unity.CollabProxy.Editor.asmdef)
Required property 'name' not set (Packages/com.unity.test-framework/UnityEditor.TestRunner/UnityEditor.TestRunner.asmdef)
Required property 'name' not set (Packages/com.unity.visualscripting/Editor/SettingsProvider/Unity.VisualScripting.SettingsProvider.Editor.asmdef)
Required property 'name' not set (Packages/com.unity.ugui/Tests/Editor/UnityEditor.UI.EditorTests.asmdef)
Required property 'name' not set (Packages/com.unity.visualscripting/Runtime/VisualScripting.Flow/Unity.VisualScripting.Flow.asmdef)
Required property 'name' not set (Packages/com.unity.ugui/Editor/UnityEditor.UI.asmdef)
Required property 'name' not set (Packages/com.unity.collab-proxy/Editor/PlasticSCM/Unity.PlasticSCM.Editor.asmdef)
Required property 'name' not set (Packages/com.unity.collab-proxy/Tests/Editor/PlasticSCM/Unity.PlasticSCM.EditorTests.asmdef)
Required property 'name' not set (Packages/com.unity.timeline/DocCodeExamples/DocCodeExamples.asmdef)
Required property 'name' not set (Packages/com.unity.ide.rider/Rider/Editor/com.unity.ide.rider.asmdef)
Required property 'name' not set (Packages/com.unity.ugui/Runtime/UnityEngine.UI.asmdef)
Required property 'name' not set (Packages/com.unity.visualscripting/Runtime/VisualScripting.State/Unity.VisualScripting.State.asmdef)
Required property 'name' not set (Packages/com.unity.visualscripting/Runtime/VisualScripting.Core/Unity.VisualScripting.Core.asmdef)
Mono: successfully reloaded assembly
- Completed reload, in  1.087 seconds
Domain Reload Profiling:
	ReloadAssembly (1087ms)
		BeginReloadAssembly (143ms)
			ExecutionOrderSort (0ms)
			DisableScriptedObjects (5ms)
			BackupInstance (0ms)
			ReleaseScriptingObjects (0ms)
			CreateAndSetChildDomain (21ms)
		EndReloadAssembly (882ms)
			LoadAssemblies (32ms)
			RebuildTransferFunctionScriptingTraits (0ms)
			SetupTypeCache (170ms)
			ReleaseScriptCaches (1ms)
			RebuildScriptCaches (404ms)
			SetupLoadedEditorAssemblies (168ms)
				LogAssemblyErrors (0ms)
				InitializePlatformSupportModulesInManaged (4ms)
				SetLoadedEditorAssemblies (0ms)
				RefreshPlugins (1ms)
				BeforeProcessingInitializeOnLoad (26ms)
				ProcessInitializeOnLoadAttributes (131ms)
				ProcessInitializeOnLoadMethodAttributes (4ms)
				AfterProcessingInitializeOnLoad (1ms)
				EditorAssembliesLoaded (0ms)
			ExecutionOrderSort2 (0ms)
			AwakeInstancesAfterBackupRestoration (7ms)
Platform modules already initialized, skipping
Validating Project structure ... 0.003743 seconds.
Shader import version has changed; will reimport all shaders...
Upgrading shader files ...0.189825 seconds.
Application.AssetDatabase Initial Script Refresh Start
RefreshInfo: InitialScriptRefreshV2(NoUpdateAssetOptions) scanfilter:  ... 1 filters
RefreshProfiler: Total: 0.000ms
Application.AssetDatabase Initial Script Refresh End
Application.AssetDatabase.Refresh Start
Application.AssetDatabase.Refresh End
RefreshInfo: StopAssetImportingV2(ForceSynchronousImport) scanfilter: 
RefreshProfiler: Total: 0.000ms
Launching external process: /Applications/Unity/Hub/Editor/2020.3.24f1/Unity.app/Contents/Tools/UnityShaderCompiler
Launched and connected shader compiler UnityShaderCompiler after 0.01 seconds
Initializing Unity extensions:
Required property 'name' not set (Packages/com.unity.visualscripting/Editor/VisualScripting.Flow/Unity.VisualScripting.Flow.Editor.asmdef)
Required property 'name' not set (Packages/com.unity.services.core/Editor/Core/Unity.Services.Core.Editor.asmdef)
Required property 'name' not set (Packages/com.unity.ide.vscode/Editor/Unity.com.unity.vscode.Editor.asmdef)
Required property 'name' not set (Packages/com.unity.textmeshpro/Tests/Runtime/Unity.TextMeshPro.Tests.asmdef)
Required property 'name' not set (Packages/com.unity.visualscripting/Editor/VisualScripting.Shared/Unity.VisualScripting.Shared.Editor.asmdef)
Required property 'name' not set (Packages/com.unity.textmeshpro/Scripts/Editor/Unity.TextMeshPro.Editor.asmdef)
Required property 'name' not set (Packages/com.unity.ide.visualstudio/Editor/com.unity.ide.visualstudio.asmdef)
Required property 'name' not set (Packages/com.unity.test-framework/UnityEngine.TestRunner/UnityEngine.TestRunner.asmdef)
Required property 'name' not set (Packages/com.unity.ugui/Tests/Runtime/UnityEngine.UI.Tests.asmdef)
Required property 'name' not set (Packages/com.unity.timeline/Editor/Unity.Timeline.Editor.asmdef)
Required property 'name' not set (Packages/com.unity.timeline/Runtime/Unity.Timeline.asmdef)
Required property 'name' not set (Packages/com.unity.visualscripting/Editor/VisualScripting.Core/Unity.VisualScripting.Core.Editor.asmdef)
Required property 'name' not set (Packages/com.unity.textmeshpro/Scripts/Runtime/Unity.TextMeshPro.asmdef)
Required property 'name' not set (Packages/com.unity.visualscripting/Editor/VisualScripting.State/Unity.VisualScripting.State.Editor.asmdef)
Required property 'name' not set (Packages/com.unity.textmeshpro/Tests/Editor/Unity.TextMeshPro.Editor.Tests.asmdef)
Required property 'name' not set (Packages/com.unity.collab-proxy/Tests/Editor/Collaborate/Unity.CollabProxy.EditorTests.asmdef)
Required property 'name' not set (Packages/com.unity.collab-proxy/Editor/Collaborate/Unity.CollabProxy.Editor.asmdef)
Required property 'name' not set (Packages/com.unity.test-framework/UnityEditor.TestRunner/UnityEditor.TestRunner.asmdef)
Required property 'name' not set (Packages/com.unity.visualscripting/Editor/SettingsProvider/Unity.VisualScripting.SettingsProvider.Editor.asmdef)
Required property 'name' not set (Packages/com.unity.ugui/Tests/Editor/UnityEditor.UI.EditorTests.asmdef)
Required property 'name' not set (Packages/com.unity.visualscripting/Runtime/VisualScripting.Flow/Unity.VisualScripting.Flow.asmdef)
Required property 'name' not set (Packages/com.unity.ugui/Editor/UnityEditor.UI.asmdef)
Required property 'name' not set (Packages/com.unity.collab-proxy/Editor/PlasticSCM/Unity.PlasticSCM.Editor.asmdef)
Required property 'name' not set (Packages/com.unity.collab-proxy/Tests/Editor/PlasticSCM/Unity.PlasticSCM.EditorTests.asmdef)
Required property 'name' not set (Packages/com.unity.timeline/DocCodeExamples/DocCodeExamples.asmdef)
Required property 'name' not set (Packages/com.unity.ide.rider/Rider/Editor/com.unity.ide.rider.asmdef)
Required property 'name' not set (Packages/com.unity.ugui/Runtime/UnityEngine.UI.asmdef)
Required property 'name' not set (Packages/com.unity.visualscripting/Runtime/VisualScripting.State/Unity.VisualScripting.State.asmdef)
Required property 'name' not set (Packages/com.unity.visualscripting/Runtime/VisualScripting.Core/Unity.VisualScripting.Core.asmdef)
========================================================================
Worker process is ready to serve import requests
Refreshing native plugins compatible for Editor in 0.47 ms, found 1 plugins.
Preloading 0 native plugins for Editor in 0.00 ms.
Unloading 3164 Unused Serialized files (Serialized files now loaded: 0)
System memory in use before: 185.3 MB.
System memory in use after: 182.8 MB.

Unloading 3148 unused Assets to reduce memory usage. Loaded Objects now: 567.
Total: 3.081900 ms (FindLiveObjects: 0.263602 ms CreateObjectMapping: 0.113695 ms MarkObjects: 1.789923 ms  DeleteObjects: 0.913613 ms)

AssetImportParameters requested are different than current active one (requested -> active):
  custom:video-decoder-ogg-theora: a1e56fd34408186e4bbccfd4996cb3dc -> 
  custom:container-muxer-webm: aa71ff27fc2769a1b78a27578f13a17b -> 
  custom:container-demuxer-webm: 4f35f7cbe854078d1ac9338744f61a02 -> 
  custom:container-demuxer-ogg: 62fdf1f143b41e24485cea50d1cbac27 -> 
  custom:video-encoder-webm-vp8: eb34c28f22e8b96e1ab97ce403110664 -> 
  custom:framework-osx-AVFoundation: e770b220cccbd017edd2c1fefb359320 -> 
  custom:video-decoder-webm-vp8: 9c59270c3fd7afecdb556c50c9e8de78 -> 
  custom:audio-decoder-ogg-vorbis: bf7c407c2cedff20999df2af8eb42d56 -> 
  custom:audio-encoder-webm-vorbis: bf7c407c2cedff20999df2af8eb42d56 -> 
========================================================================
Received Import Request.
  path: 
  artifactKey: Guid(aa72435946c8f4613afffed3a216bcb6) Importer(815301076,1909f56bfc062723c751e8b465ee728b)
Start importing  using Guid(aa72435946c8f4613afffed3a216bcb6) Importer(815301076,1909f56bfc062723c751e8b465ee728b)  -> (artifact id: '00000000000000000000000000000000') in 0.000025 seconds  code(3) message(Unknown asset with GUID 'aa72435946c8f4613afffed3a216bcb6')
  ERROR: Unknown asset with GUID 'aa72435946c8f4613afffed3a216bcb6'
  Import took 0.000742 seconds .

========================================================================
Received Import Request.
  Time since last request: 0.000190 seconds.
  path: Assets/Prefabs/Item.prefab
  artifactKey: Guid(38a0358f033b64f699655faa1ad04a8e) Importer(815301076,1909f56bfc062723c751e8b465ee728b)
Start importing Assets/Prefabs/Item.prefab using Guid(38a0358f033b64f699655faa1ad04a8e) Importer(815301076,1909f56bfc062723c751e8b465ee728b)  -> (artifact id: '00000000000000000000000000000000') in 0.384520 seconds  code(4) message(Build asset version error: assets/prefabs/item.prefab in SourceAssetDB has modification time of '2022-12-15T21:29:44Z' while content on disk has modification time of '2022-12-16T22:05:45Z')
  ERROR: Build asset version error: assets/prefabs/item.prefab in SourceAssetDB has modification time of '2022-12-15T21:29:44Z' while content on disk has modification time of '2022-12-16T22:05:45Z'
  Import took 0.388179 seconds .

========================================================================
Received Import Request.
  Time since last request: 0.000213 seconds.
  path: Assets/Prefabs/ItemBig.prefab
  artifactKey: Guid(5b87faa8ff9254450baddc7b1782ae85) Importer(815301076,1909f56bfc062723c751e8b465ee728b)
Start importing Assets/Prefabs/ItemBig.prefab using Guid(5b87faa8ff9254450baddc7b1782ae85) Importer(815301076,1909f56bfc062723c751e8b465ee728b)  -> (artifact id: '00000000000000000000000000000000') in 0.024712 seconds  code(4) message(Build asset version error: assets/prefabs/itembig.prefab in SourceAssetDB has modification time of '2022-12-15T21:29:44Z' while content on disk has modification time of '2022-12-16T22:05:45Z')
  ERROR: Build asset version error: assets/prefabs/itembig.prefab in SourceAssetDB has modification time of '2022-12-15T21:29:44Z' while content on disk has modification time of '2022-12-16T22:05:45Z'
  Import took 0.025348 seconds .

========================================================================
Received Import Request.
  Time since last request: 0.000189 seconds.
  path: Assets/Imported assets/ModularFirstPersonController/FirstPersonController/FirstPersonController.prefab
  artifactKey: Guid(6bacecc4f3df9584198879c73a6b6c36) Importer(815301076,1909f56bfc062723c751e8b465ee728b)
Start importing Assets/Imported assets/ModularFirstPersonController/FirstPersonController/FirstPersonController.prefab using Guid(6bacecc4f3df9584198879c73a6b6c36) Importer(815301076,1909f56bfc062723c751e8b465ee728b) Diagnostics callstack to track who triggered the sub-import:
 #5 ImportAsset(core::hash_map<AssetDatabase::ImporterID, ImporterInfo, core::hash<AssetDatabase::ImporterID>, std::__1::equal_to<AssetDatabase::ImporterID> > const&, dynamic_array<PostprocessorInfo, 0ul> const&, AssetResolveTracker const&, ImportAssetInputs const&, ImportAssetOutputs&, IImportProgress*)
 #6 ImportAssetWithAutoReleasePool(core::hash_map<AssetDatabase::ImporterID, ImporterInfo, core::hash<AssetDatabase::ImporterID>, std::__1::equal_to<AssetDatabase::ImporterID> > const&, dynamic_array<PostprocessorInfo, 0ul> const&, AssetResolveTracker const&, ImportAssetInputs const&, ImportAssetOutputs&, IImportProgress*)
 #7 AssetImportWorker::Import(AssetResolver&, WorkerImportPayload const&, WorkerImportResponse&, IImportProgress*, bool*)
 #8 invocation function for block in AssetImportWorkerClient::HandleMessage(ImportRequestMessage const&)::$_6::operator()() const
 #9 _dispatch_client_callout
 #10 _dispatch_async_and_wait_invoke
 #11 _dispatch_client_callout
 #12 _dispatch_main_queue_drain
 #13 _dispatch_main_queue_callback_4CF
 #14 __CFRUNLOOP_IS_SERVICING_THE_MAIN_DISPATCH_QUEUE__
 #15 __CFRunLoopRun
 #16 CFRunLoopRunSpecific
 #17 RunCurrentEventLoopInMode
 #18 ReceiveNextEventCommon
 #19 _BlockUntilNextEventMatchingListInModeWithFilter
 #20 _DPSNextEvent
 #21 -[NSApplication(NSEvent) _nextEventMatchingEventMask:untilDate:inMode:dequeue:]
 #22 -[NSApplication run]
 #23 NSApplicationMain
 #24 EditorMain(int, char const**)
 #25 main
 #26 ???

Requesting import of Guid(6bacecc4f3df9584198879c73a6b6c36) Importer(-1,00000000000000000000000000000000), Assets/Imported assets/ModularFirstPersonController/FirstPersonController/FirstPersonController.prefab from editor
Resuming Guid(6bacecc4f3df9584198879c73a6b6c36) Importer(-1,00000000000000000000000000000000) -> f6b08ec1b7ec8371f0bbc6ac9260f2a5 
Assertion failed on expression: 'state.state == kUpToDate'
Assertion failed on expression: 'state.artifactID == result'
Diagnostics callstack to track who triggered the sub-import:
 #5 ImportToObjects(core::basic_string<char, core::StringStorageDefault<char> > const&, core::hash_map<AssetDatabase::ImporterID, ImporterInfo, core::hash<AssetDatabase::ImporterID>, std::__1::equal_to<AssetDatabase::ImporterID> > const&, dynamic_array<PostprocessorInfo, 0ul> const&, AssetResolveTracker const&, ImportAssetInputs const&, ImportAssetOutputs&, IImportProgress*)
 #6 ImportAsset(core::hash_map<AssetDatabase::ImporterID, ImporterInfo, core::hash<AssetDatabase::ImporterID>, std::__1::equal_to<AssetDatabase::ImporterID> > const&, dynamic_array<PostprocessorInfo, 0ul> const&, AssetResolveTracker const&, ImportAssetInputs const&, ImportAssetOutputs&, IImportProgress*)
 #7 ImportAssetWithAutoReleasePool(core::hash_map<AssetDatabase::ImporterID, ImporterInfo, core::hash<AssetDatabase::ImporterID>, std::__1::equal_to<AssetDatabase::ImporterID> > const&, dynamic_array<PostprocessorInfo, 0ul> const&, AssetResolveTracker const&, ImportAssetInputs const&, ImportAssetOutputs&, IImportProgress*)
 #8 AssetImportWorker::Import(AssetResolver&, WorkerImportPayload const&, WorkerImportResponse&, IImportProgress*, bool*)
 #9 invocation function for block in AssetImportWorkerClient::HandleMessage(ImportRequestMessage const&)::$_6::operator()() const
 #10 _dispatch_client_callout
 #11 _dispatch_async_and_wait_invoke
 #12 _dispatch_client_callout
 #13 _dispatch_main_queue_drain
 #14 _dispatch_main_queue_callback_4CF
 #15 __CFRUNLOOP_IS_SERVICING_THE_MAIN_DISPATCH_QUEUE__
 #16 __CFRunLoopRun
 #17 CFRunLoopRunSpecific
 #18 RunCurrentEventLoopInMode
 #19 ReceiveNextEventCommon
 #20 _BlockUntilNextEventMatchingListInModeWithFilter
 #21 _DPSNextEvent
 #22 -[NSApplication(NSEvent) _nextEventMatchingEventMask:untilDate:inMode:dequeue:]
 #23 -[NSApplication run]
 #24 NSApplicationMain
 #25 EditorMain(int, char const**)
 #26 main
 #27 ???

Requesting import of Guid(6bacecc4f3df9584198879c73a6b6c36) Importer(-1,00000000000000000000000000000000), Assets/Imported assets/ModularFirstPersonController/FirstPersonController/FirstPersonController.prefab from editor
Resuming Guid(6bacecc4f3df9584198879c73a6b6c36) Importer(-1,00000000000000000000000000000000) -> f6b08ec1b7ec8371f0bbc6ac9260f2a5 
Assertion failed on expression: 'state.state == kUpToDate'
Assertion failed on expression: 'state.artifactID == result'
 -> (artifact id: '00000000000000000000000000000000') in 0.043195 seconds  code(4) message(Build asset version error: assets/imported assets/modularfirstpersoncontroller/firstpersoncontroller/firstpersoncontroller.prefab in SourceAssetDB has modification time of '2022-12-14T21:15:47Z' while content on disk has modification time of '2022-12-14T21:11:57Z')
  ERROR: Build asset version error: assets/imported assets/modularfirstpersoncontroller/firstpersoncontroller/firstpersoncontroller.prefab in SourceAssetDB has modification time of '2022-12-14T21:15:47Z' while content on disk has modification time of '2022-12-14T21:11:57Z'
  Import took 0.043732 seconds .

========================================================================
Received Import Request.
  Time since last request: 0.000183 seconds.
  path: 
  artifactKey: Guid(b892c227a109b4181806872f20b86c85) Importer(815301076,1909f56bfc062723c751e8b465ee728b)
Start importing  using Guid(b892c227a109b4181806872f20b86c85) Importer(815301076,1909f56bfc062723c751e8b465ee728b)  -> (artifact id: '00000000000000000000000000000000') in 0.000016 seconds  code(3) message(Unknown asset with GUID 'b892c227a109b4181806872f20b86c85')
  ERROR: Unknown asset with GUID 'b892c227a109b4181806872f20b86c85'
  Import took 0.000462 seconds .

========================================================================
Received Import Request.
  Time since last request: 0.000107 seconds.
  path: 
  artifactKey: Guid(214e137ba9b784e8f843f03a1838f3f0) Importer(815301076,1909f56bfc062723c751e8b465ee728b)
Start importing  using Guid(214e137ba9b784e8f843f03a1838f3f0) Importer(815301076,1909f56bfc062723c751e8b465ee728b)  -> (artifact id: '00000000000000000000000000000000') in 0.000016 seconds  code(3) message(Unknown asset with GUID '214e137ba9b784e8f843f03a1838f3f0')
  ERROR: Unknown asset with GUID '214e137ba9b784e8f843f03a1838f3f0'
  Import took 0.000338 seconds .

